[TUNNEL] Starting localtunnel with 127.0.0.1 local-host...
(node:45953) [DEP0190] DeprecationWarning: Passing args to a child process with shell option true can lead to security vulnerabilities, as the arguments are not escaped, only concatenated.
(Use `node --trace-deprecation ...` to show where the warning was created)
[TUNNEL STDOUT]: your url is: https://shaggy-panther-50.loca.lt
[TUNNEL STDERR]: /opt/homebrew/lib/node_modules/localtunnel/bin/lt.js:81
    throw err;
    ^

Error: connection refused: localtunnel.me:20635 (check your firewall settings)
    at Socket.<anonymous> (/opt/homebrew/lib/node_modules/localtunnel/lib/TunnelCluster.js:52:11)
    at Socket.emit (node:events:508:20)
    at emitErrorNT (node:internal/streams/destroy:170:8)
    at emitErrorCloseNT (node:internal/streams/destroy:129:3)
    at process.processTicksAndRejections (node:internal/process/task_queues:90:21)

Node.js v25.8.2

[TUNNEL] Localtunnel exited with code 1. Restarting in 5 seconds...
[TUNNEL] Starting localtunnel with 127.0.0.1 local-host...
[TUNNEL STDOUT]: your url is: https://shaggy-panther-50.loca.lt
[TUNNEL] Localtunnel exited with code 0. Restarting in 5 seconds...
[TUNNEL] Starting localtunnel with 127.0.0.1 local-host...
[TUNNEL STDOUT]: your url is: https://shaggy-panther-50.loca.lt
[TUNNEL STDERR]: /opt/homebrew/lib/node_modules/localtunnel/bin/lt.js:81
    throw err;
    ^

Error: connection refused: localtunnel.me:29103 (check your firewall settings)
    at Socket.<anonymous> (/opt/homebrew/lib/node_modules/localtunnel/lib/TunnelCluster.js:52:11)
    at Socket.emit (node:events:508:20)
    at emitErrorNT (node:internal/streams/destroy:170:8)
    at emitErrorCloseNT (node:internal/streams/destroy:129:3)
    at process.processTicksAndRejections (node:internal/process/task_queues:90:21)

Node.js v25.8.2

[TUNNEL] Localtunnel exited with code 1. Restarting in 5 seconds...
[TUNNEL] Starting localtunnel with 127.0.0.1 local-host...
[TUNNEL STDOUT]: your url is: https://shaggy-panther-50.loca.lt
[TUNNEL STDERR]: /opt/homebrew/lib/node_modules/localtunnel/bin/lt.js:81
    throw err;
    ^

Error: connection refused: localtunnel.me:28631 (check your firewall settings)
    at Socket.<anonymous> (/opt/homebrew/lib/node_modules/localtunnel/lib/TunnelCluster.js:52:11)
    at Socket.emit (node:events:508:20)
    at emitErrorNT (node:internal/streams/destroy:170:8)
    at emitErrorCloseNT (node:internal/streams/destroy:129:3)
    at process.processTicksAndRejections (node:internal/process/task_queues:90:21)

Node.js v25.8.2

[TUNNEL] Localtunnel exited with code 1. Restarting in 5 seconds...
[TUNNEL] Starting localtunnel with 127.0.0.1 local-host...
[TUNNEL STDOUT]: your url is: https://shaggy-panther-50.loca.lt
[TUNNEL STDERR]: /opt/homebrew/lib/node_modules/localtunnel/bin/lt.js:81
    throw err;
    ^

Error: connection refused: localtunnel.me:18595 (check your firewall settings)
    at Socket.<anonymous> (/opt/homebrew/lib/node_modules/localtunnel/lib/TunnelCluster.js:52:11)
    at Socket.emit (node:events:508:20)
    at emitErrorNT (node:internal/streams/destroy:170:8)
    at emitErrorCloseNT (node:internal/streams/destroy:129:3)
    at process.processTicksAndRejections (node:internal/process/task_queues:90:21)

Node.js v25.8.2

[TUNNEL] Localtunnel exited with code 1. Restarting in 5 seconds...
[TUNNEL] Starting localtunnel with 127.0.0.1 local-host...
[TUNNEL STDOUT]: your url is: https://shaggy-panther-50.loca.lt
[TUNNEL STDERR]: /opt/homebrew/lib/node_modules/localtunnel/bin/lt.js:81
    throw err;
    ^

Error: connection refused: localtunnel.me:32589 (check your firewall settings)
    at Socket.<anonymous> (/opt/homebrew/lib/node_modules/localtunnel/lib/TunnelCluster.js:52:11)
    at Socket.emit (node:events:508:20)
    at emitErrorNT (node:internal/streams/destroy:170:8)
    at emitErrorCloseNT (node:internal/streams/destroy:129:3)
    at process.processTicksAndRejections (node:internal/process/task_queues:90:21)

Node.js v25.8.2

[TUNNEL] Localtunnel exited with code 1. Restarting in 5 seconds...
[TUNNEL] Starting localtunnel with 127.0.0.1 local-host...
[TUNNEL STDOUT]: your url is: https://shaggy-panther-50.loca.lt
[TUNNEL STDERR]: /opt/homebrew/lib/node_modules/localtunnel/bin/lt.js:81
    throw err;
    ^

Error: connection refused: localtunnel.me:29825 (check your firewall settings)
    at Socket.<anonymous> (/opt/homebrew/lib/node_modules/localtunnel/lib/TunnelCluster.js:52:11)
    at Socket.emit (node:events:508:20)
    at emitErrorNT (node:internal/streams/destroy:170:8)
    at emitErrorCloseNT (node:internal/streams/destroy:129:3)
    at process.processTicksAndRejections (node:internal/process/task_queues:90:21)

Node.js v25.8.2

[TUNNEL] Localtunnel exited with code 1. Restarting in 5 seconds...
[TUNNEL] Starting localtunnel with 127.0.0.1 local-host...
[TUNNEL STDOUT]: your url is: https://shaggy-panther-50.loca.lt
[TUNNEL STDERR]: /opt/homebrew/lib/node_modules/localtunnel/bin/lt.js:81
    throw err;
    ^

Error: connection refused: localtunnel.me:5367 (check your firewall settings)
    at Socket.<anonymous> (/opt/homebrew/lib/node_modules/localtunnel/lib/TunnelCluster.js:52:11)
    at Socket.emit (node:events:508:20)
    at emitErrorNT (node:internal/streams/destroy:170:8)
    at emitErrorCloseNT (node:internal/streams/destroy:129:3)
    at process.processTicksAndRejections (node:internal/process/task_queues:90:21)

Node.js v25.8.2

[TUNNEL] Localtunnel exited with code 1. Restarting in 5 seconds...
[TUNNEL] Starting localtunnel with 127.0.0.1 local-host...
[TUNNEL STDOUT]: your url is: https://shaggy-panther-50.loca.lt
[TUNNEL STDERR]: /opt/homebrew/lib/node_modules/localtunnel/bin/lt.js:81
    throw err;
    ^

Error: connection refused: localtunnel.me:26535 (check your firewall settings)
    at Socket.<anonymous> (/opt/homebrew/lib/node_modules/localtunnel/lib/TunnelCluster.js:52:11)
    at Socket.emit (node:events:508:20)
    at emitErrorNT (node:internal/streams/destroy:170:8)
    at emitErrorCloseNT (node:internal/streams/destroy:129:3)
    at process.processTicksAndRejections (node:internal/process/task_queues:90:21)

Node.js v25.8.2

[TUNNEL] Localtunnel exited with code 1. Restarting in 5 seconds...
[TUNNEL] Starting localtunnel with 127.0.0.1 local-host...
[TUNNEL STDOUT]: your url is: https://shaggy-panther-50.loca.lt
[TUNNEL STDERR]: /opt/homebrew/lib/node_modules/localtunnel/bin/lt.js:81
    throw err;
    ^

Error: connection refused: localtunnel.me:6671 (check your firewall settings)
    at Socket.<anonymous> (/opt/homebrew/lib/node_modules/localtunnel/lib/TunnelCluster.js:52:11)
    at Socket.emit (node:events:508:20)
    at emitErrorNT (node:internal/streams/destroy:170:8)
    at emitErrorCloseNT (node:internal/streams/destroy:129:3)
    at process.processTicksAndRejections (node:internal/process/task_queues:90:21)

Node.js v25.8.2

[TUNNEL] Localtunnel exited with code 1. Restarting in 5 seconds...
[TUNNEL] Starting localtunnel with 127.0.0.1 local-host...
[TUNNEL STDOUT]: your url is: https://shaggy-panther-50.loca.lt
[TUNNEL] Localtunnel exited with code 0. Restarting in 5 seconds...
[TUNNEL] Starting localtunnel with 127.0.0.1 local-host...
[TUNNEL STDOUT]: your url is: https://shaggy-panther-50.loca.lt
[TUNNEL] Localtunnel exited with code 0. Restarting in 5 seconds...
[TUNNEL] Starting localtunnel with 127.0.0.1 local-host...
[TUNNEL STDOUT]: your url is: https://horrible-dolphin-58.loca.lt
[TUNNEL STDERR]: /opt/homebrew/lib/node_modules/localtunnel/bin/lt.js:81
    throw err;
    ^

Error: connection refused: localtunnel.me:33667 (check your firewall settings)
    at Socket.<anonymous> (/opt/homebrew/lib/node_modules/localtunnel/lib/TunnelCluster.js:52:11)
    at Socket.emit (node:events:508:20)
    at emitErrorNT (node:internal/streams/destroy:170:8)
    at emitErrorCloseNT (node:internal/streams/destroy:129:3)
    at process.processTicksAndRejections (node:internal/process/task_queues:90:21)

Node.js v25.8.2

[TUNNEL] Localtunnel exited with code 1. Restarting in 5 seconds...
[TUNNEL] Starting localtunnel with 127.0.0.1 local-host...
[TUNNEL STDOUT]: your url is: https://shaggy-panther-50.loca.lt
[TUNNEL STDERR]: /opt/homebrew/lib/node_modules/localtunnel/bin/lt.js:81
    throw err;
    ^

Error: connection refused: localtunnel.me:34811 (check your firewall settings)
    at Socket.<anonymous> (/opt/homebrew/lib/node_modules/localtunnel/lib/TunnelCluster.js:52:11)
    at Socket.emit (node:events:508:20)
    at emitErrorNT (node:internal/streams/destroy:170:8)
    at emitErrorCloseNT (node:internal/streams/destroy:129:3)
    at process.processTicksAndRejections (node:internal/process/task_queues:90:21)

Node.js v25.8.2

[TUNNEL] Localtunnel exited with code 1. Restarting in 5 seconds...
[TUNNEL] Starting localtunnel with 127.0.0.1 local-host...
[TUNNEL STDOUT]: your url is: https://shaggy-panther-50.loca.lt
[TUNNEL STDERR]: /opt/homebrew/lib/node_modules/localtunnel/bin/lt.js:81
    throw err;
    ^

Error: connection refused: localtunnel.me:8725 (check your firewall settings)
    at Socket.<anonymous> (/opt/homebrew/lib/node_modules/localtunnel/lib/TunnelCluster.js:52:11)
    at Socket.emit (node:events:508:20)
    at emitErrorNT (node:internal/streams/destroy:170:8)
    at emitErrorCloseNT (node:internal/streams/destroy:129:3)
    at process.processTicksAndRejections (node:internal/process/task_queues:90:21)

Node.js v25.8.2

[TUNNEL] Localtunnel exited with code 1. Restarting in 5 seconds...
[TUNNEL] Starting localtunnel with 127.0.0.1 local-host...
[TUNNEL STDOUT]: your url is: https://shaggy-panther-50.loca.lt
[TUNNEL STDERR]: /opt/homebrew/lib/node_modules/localtunnel/bin/lt.js:81
    throw err;
    ^

Error: connection refused: localtunnel.me:9937 (check your firewall settings)
    at Socket.<anonymous> (/opt/homebrew/lib/node_modules/localtunnel/lib/TunnelCluster.js:52:11)
    at Socket.emit (node:events:508:20)
    at emitErrorNT (node:internal/streams/destroy:170:8)
    at emitErrorCloseNT (node:internal/streams/destroy:129:3)
    at process.processTicksAndRejections (node:internal/process/task_queues:90:21)

Node.js v25.8.2

[TUNNEL] Localtunnel exited with code 1. Restarting in 5 seconds...
[TUNNEL] Starting localtunnel with 127.0.0.1 local-host...
[TUNNEL STDOUT]: your url is: https://shaggy-panther-50.loca.lt
[TUNNEL STDERR]: /opt/homebrew/lib/node_modules/localtunnel/bin/lt.js:81
    throw err;
    ^

Error: connection refused: localtunnel.me:7665 (check your firewall settings)
    at Socket.<anonymous> (/opt/homebrew/lib/node_modules/localtunnel/lib/TunnelCluster.js:52:11)
    at Socket.emit (node:events:508:20)
    at emitErrorNT (node:internal/streams/destroy:170:8)
    at emitErrorCloseNT (node:internal/streams/destroy:129:3)
    at process.processTicksAndRejections (node:internal/process/task_queues:90:21)

Node.js v25.8.2

[TUNNEL] Localtunnel exited with code 1. Restarting in 5 seconds...
[TUNNEL] Starting localtunnel with 127.0.0.1 local-host...
[TUNNEL STDOUT]: your url is: https://shaggy-panther-50.loca.lt
[TUNNEL STDERR]: /opt/homebrew/lib/node_modules/localtunnel/bin/lt.js:81
    throw err;
    ^

Error: connection refused: localtunnel.me:15943 (check your firewall settings)
    at Socket.<anonymous> (/opt/homebrew/lib/node_modules/localtunnel/lib/TunnelCluster.js:52:11)
    at Socket.emit (node:events:508:20)
    at emitErrorNT (node:internal/streams/destroy:170:8)
    at emitErrorCloseNT (node:internal/streams/destroy:129:3)
    at process.processTicksAndRejections (node:internal/process/task_queues:90:21)

Node.js v25.8.2

[TUNNEL] Localtunnel exited with code 1. Restarting in 5 seconds...
[TUNNEL] Starting localtunnel with 127.0.0.1 local-host...
[TUNNEL STDOUT]: your url is: https://shaggy-panther-50.loca.lt
[TUNNEL STDERR]: /opt/homebrew/lib/node_modules/localtunnel/bin/lt.js:81
    throw err;
    ^

Error: connection refused: localtunnel.me:30545 (check your firewall settings)
    at Socket.<anonymous> (/opt/homebrew/lib/node_modules/localtunnel/lib/TunnelCluster.js:52:11)
    at Socket.emit (node:events:508:20)
    at emitErrorNT (node:internal/streams/destroy:170:8)
    at emitErrorCloseNT (node:internal/streams/destroy:129:3)
    at process.processTicksAndRejections (node:internal/process/task_queues:90:21)

Node.js v25.8.2

[TUNNEL] Localtunnel exited with code 1. Restarting in 5 seconds...
[TUNNEL] Starting localtunnel with 127.0.0.1 local-host...
[TUNNEL STDOUT]: your url is: https://shaggy-panther-50.loca.lt
[TUNNEL STDERR]: /opt/homebrew/lib/node_modules/localtunnel/bin/lt.js:81
    throw err;
    ^

Error: connection refused: localtunnel.me:7889 (check your firewall settings)
    at Socket.<anonymous> (/opt/homebrew/lib/node_modules/localtunnel/lib/TunnelCluster.js:52:11)
    at Socket.emit (node:events:508:20)
    at emitErrorNT (node:internal/streams/destroy:170:8)
    at emitErrorCloseNT (node:internal/streams/destroy:129:3)
    at process.processTicksAndRejections (node:internal/process/task_queues:90:21)

Node.js v25.8.2

[TUNNEL] Localtunnel exited with code 1. Restarting in 5 seconds...
[TUNNEL] Starting localtunnel with 127.0.0.1 local-host...
[TUNNEL STDOUT]: your url is: https://shaggy-panther-50.loca.lt
[TUNNEL STDERR]: /opt/homebrew/lib/node_modules/localtunnel/bin/lt.js:81
    throw err;
    ^

Error: connection refused: localtunnel.me:17433 (check your firewall settings)
    at Socket.<anonymous> (/opt/homebrew/lib/node_modules/localtunnel/lib/TunnelCluster.js:52:11)
    at Socket.emit (node:events:508:20)
    at emitErrorNT (node:internal/streams/destroy:170:8)
    at emitErrorCloseNT (node:internal/streams/destroy:129:3)
    at process.processTicksAndRejections (node:internal/process/task_queues:90:21)

Node.js v25.8.2

[TUNNEL] Localtunnel exited with code 1. Restarting in 5 seconds...
[TUNNEL] Starting localtunnel with 127.0.0.1 local-host...
[TUNNEL STDOUT]: your url is: https://shaggy-panther-50.loca.lt
[TUNNEL STDERR]: /opt/homebrew/lib/node_modules/localtunnel/bin/lt.js:81
    throw err;
    ^

Error: connection refused: localtunnel.me:8793 (check your firewall settings)
    at Socket.<anonymous> (/opt/homebrew/lib/node_modules/localtunnel/lib/TunnelCluster.js:52:11)
    at Socket.emit (node:events:508:20)
    at emitErrorNT (node:internal/streams/destroy:170:8)
    at emitErrorCloseNT (node:internal/streams/destroy:129:3)
    at process.processTicksAndRejections (node:internal/process/task_queues:90:21)

Node.js v25.8.2

[TUNNEL] Localtunnel exited with code 1. Restarting in 5 seconds...
[TUNNEL] Starting localtunnel with 127.0.0.1 local-host...
[TUNNEL STDOUT]: your url is: https://shaggy-panther-50.loca.lt
[TUNNEL STDERR]: /opt/homebrew/lib/node_modules/localtunnel/bin/lt.js:81
    throw err;
    ^

Error: connection refused: localtunnel.me:27545 (check your firewall settings)
    at Socket.<anonymous> (/opt/homebrew/lib/node_modules/localtunnel/lib/TunnelCluster.js:52:11)
    at Socket.emit (node:events:508:20)
    at emitErrorNT (node:internal/streams/destroy:170:8)
    at emitErrorCloseNT (node:internal/streams/destroy:129:3)
    at process.processTicksAndRejections (node:internal/process/task_queues:90:21)

Node.js v25.8.2

[TUNNEL] Localtunnel exited with code 1. Restarting in 5 seconds...
[TUNNEL] Starting localtunnel with 127.0.0.1 local-host...
[TUNNEL STDOUT]: your url is: https://shaggy-panther-50.loca.lt
[TUNNEL STDERR]: /opt/homebrew/lib/node_modules/localtunnel/bin/lt.js:81
    throw err;
    ^

Error: connection refused: localtunnel.me:32679 (check your firewall settings)
    at Socket.<anonymous> (/opt/homebrew/lib/node_modules/localtunnel/lib/TunnelCluster.js:52:11)
    at Socket.emit (node:events:508:20)
    at emitErrorNT (node:internal/streams/destroy:170:8)
    at emitErrorCloseNT (node:internal/streams/destroy:129:3)
    at process.processTicksAndRejections (node:internal/process/task_queues:90:21)

Node.js v25.8.2

[TUNNEL] Localtunnel exited with code 1. Restarting in 5 seconds...
[TUNNEL] Starting localtunnel with 127.0.0.1 local-host...
[TUNNEL STDOUT]: your url is: https://shaggy-panther-50.loca.lt
[TUNNEL STDERR]: /opt/homebrew/lib/node_modules/localtunnel/bin/lt.js:81
    throw err;
    ^

Error: connection refused: localtunnel.me:22299 (check your firewall settings)
    at Socket.<anonymous> (/opt/homebrew/lib/node_modules/localtunnel/lib/TunnelCluster.js:52:11)
    at Socket.emit (node:events:508:20)
    at emitErrorNT (node:internal/streams/destroy:170:8)
    at emitErrorCloseNT (node:internal/streams/destroy:129:3)
    at process.processTicksAndRejections (node:internal/process/task_queues:90:21)

Node.js v25.8.2

[TUNNEL] Localtunnel exited with code 1. Restarting in 5 seconds...
[TUNNEL] Starting localtunnel with 127.0.0.1 local-host...
[TUNNEL STDOUT]: your url is: https://shaggy-panther-50.loca.lt
[TUNNEL STDERR]: /opt/homebrew/lib/node_modules/localtunnel/bin/lt.js:81
    throw err;
    ^

Error: connection refused: localtunnel.me:15093 (check your firewall settings)
    at Socket.<anonymous> (/opt/homebrew/lib/node_modules/localtunnel/lib/TunnelCluster.js:52:11)
    at Socket.emit (node:events:508:20)
    at emitErrorNT (node:internal/streams/destroy:170:8)
    at emitErrorCloseNT (node:internal/streams/destroy:129:3)
    at process.processTicksAndRejections (node:internal/process/task_queues:90:21)

Node.js v25.8.2

[TUNNEL] Localtunnel exited with code 1. Restarting in 5 seconds...
[TUNNEL] Starting localtunnel with 127.0.0.1 local-host...
[TUNNEL STDOUT]: your url is: https://shaggy-panther-50.loca.lt
[TUNNEL STDERR]: /opt/homebrew/lib/node_modules/localtunnel/bin/lt.js:81
    throw err;
    ^

Error: connection refused: localtunnel.me:26183 (check your firewall settings)
    at Socket.<anonymous> (/opt/homebrew/lib/node_modules/localtunnel/lib/TunnelCluster.js:52:11)
    at Socket.emit (node:events:508:20)
    at emitErrorNT (node:internal/streams/destroy:170:8)
    at emitErrorCloseNT (node:internal/streams/destroy:129:3)
    at process.processTicksAndRejections (node:internal/process/task_queues:90:21)

Node.js v25.8.2

[TUNNEL] Localtunnel exited with code 1. Restarting in 5 seconds...
[TUNNEL] Starting localtunnel with 127.0.0.1 local-host...
[TUNNEL STDOUT]: your url is: https://shaggy-panther-50.loca.lt
[TUNNEL STDERR]: /opt/homebrew/lib/node_modules/localtunnel/bin/lt.js:81
    throw err;
    ^

Error: connection refused: localtunnel.me:15085 (check your firewall settings)
    at Socket.<anonymous> (/opt/homebrew/lib/node_modules/localtunnel/lib/TunnelCluster.js:52:11)
    at Socket.emit (node:events:508:20)
    at emitErrorNT (node:internal/streams/destroy:170:8)
    at emitErrorCloseNT (node:internal/streams/destroy:129:3)
    at process.processTicksAndRejections (node:internal/process/task_queues:90:21)

Node.js v25.8.2

[TUNNEL] Localtunnel exited with code 1. Restarting in 5 seconds...
[TUNNEL] Starting localtunnel with 127.0.0.1 local-host...
[TUNNEL STDOUT]: your url is: https://shaggy-panther-50.loca.lt
[TUNNEL STDERR]: /opt/homebrew/lib/node_modules/localtunnel/bin/lt.js:81
    throw err;
    ^

Error: connection refused: localtunnel.me:16805 (check your firewall settings)
    at Socket.<anonymous> (/opt/homebrew/lib/node_modules/localtunnel/lib/TunnelCluster.js:52:11)
    at Socket.emit (node:events:508:20)
    at emitErrorNT (node:internal/streams/destroy:170:8)
    at emitErrorCloseNT (node:internal/streams/destroy:129:3)
    at process.processTicksAndRejections (node:internal/process/task_queues:90:21)

Node.js v25.8.2

[TUNNEL] Localtunnel exited with code 1. Restarting in 5 seconds...
[TUNNEL] Starting localtunnel with 127.0.0.1 local-host...
[TUNNEL STDOUT]: your url is: https://shaggy-panther-50.loca.lt
[TUNNEL STDERR]: /opt/homebrew/lib/node_modules/localtunnel/bin/lt.js:81
    throw err;
    ^

Error: connection refused: localtunnel.me:6665 (check your firewall settings)
    at Socket.<anonymous> (/opt/homebrew/lib/node_modules/localtunnel/lib/TunnelCluster.js:52:11)
    at Socket.emit (node:events:508:20)
    at emitErrorNT (node:internal/streams/destroy:170:8)
    at emitErrorCloseNT (node:internal/streams/destroy:129:3)
    at process.processTicksAndRejections (node:internal/process/task_queues:90:21)

Node.js v25.8.2

[TUNNEL] Localtunnel exited with code 1. Restarting in 5 seconds...
[TUNNEL] Starting localtunnel with 127.0.0.1 local-host...
[TUNNEL STDOUT]: your url is: https://shaggy-panther-50.loca.lt
[TUNNEL STDERR]: /opt/homebrew/lib/node_modules/localtunnel/bin/lt.js:81
    throw err;
    ^

Error: connection refused: localtunnel.me:22285 (check your firewall settings)
    at Socket.<anonymous> (/opt/homebrew/lib/node_modules/localtunnel/lib/TunnelCluster.js:52:11)
    at Socket.emit (node:events:508:20)
    at emitErrorNT (node:internal/streams/destroy:170:8)
    at emitErrorCloseNT (node:internal/streams/destroy:129:3)
    at process.processTicksAndRejections (node:internal/process/task_queues:90:21)

Node.js v25.8.2

[TUNNEL] Localtunnel exited with code 1. Restarting in 5 seconds...
[TUNNEL] Starting localtunnel with 127.0.0.1 local-host...
[TUNNEL STDOUT]: your url is: https://shaggy-panther-50.loca.lt
[TUNNEL STDERR]: /opt/homebrew/lib/node_modules/localtunnel/bin/lt.js:81
    throw err;
    ^

Error: connection refused: localtunnel.me:24067 (check your firewall settings)
    at Socket.<anonymous> (/opt/homebrew/lib/node_modules/localtunnel/lib/TunnelCluster.js:52:11)
    at Socket.emit (node:events:508:20)
    at emitErrorNT (node:internal/streams/destroy:170:8)
    at emitErrorCloseNT (node:internal/streams/destroy:129:3)
    at process.processTicksAndRejections (node:internal/process/task_queues:90:21)

Node.js v25.8.2

[TUNNEL] Localtunnel exited with code 1. Restarting in 5 seconds...
[TUNNEL] Starting localtunnel with 127.0.0.1 local-host...
[TUNNEL STDOUT]: your url is: https://shaggy-panther-50.loca.lt
[TUNNEL STDERR]: /opt/homebrew/lib/node_modules/localtunnel/bin/lt.js:81
    throw err;
    ^

Error: connection refused: localtunnel.me:7269 (check your firewall settings)
    at Socket.<anonymous> (/opt/homebrew/lib/node_modules/localtunnel/lib/TunnelCluster.js:52:11)
    at Socket.emit (node:events:508:20)
    at emitErrorNT (node:internal/streams/destroy:170:8)
    at emitErrorCloseNT (node:internal/streams/destroy:129:3)
    at process.processTicksAndRejections (node:internal/process/task_queues:90:21)

Node.js v25.8.2

[TUNNEL] Localtunnel exited with code 1. Restarting in 5 seconds...
[TUNNEL] Starting localtunnel with 127.0.0.1 local-host...
[TUNNEL STDOUT]: your url is: https://shaggy-panther-50.loca.lt
[TUNNEL] Localtunnel exited with code 0. Restarting in 5 seconds...
[TUNNEL] Starting localtunnel with 127.0.0.1 local-host...
[TUNNEL STDOUT]: your url is: https://shaggy-panther-50.loca.lt
[TUNNEL] Localtunnel exited with code 0. Restarting in 5 seconds...
[TUNNEL] Starting localtunnel with 127.0.0.1 local-host...
[TUNNEL STDOUT]: your url is: https://shaggy-panther-50.loca.lt
[TUNNEL] Localtunnel exited with code 0. Restarting in 5 seconds...
[TUNNEL] Starting localtunnel with 127.0.0.1 local-host...
[TUNNEL STDOUT]: your url is: https://shaggy-panther-50.loca.lt
[TUNNEL] Localtunnel exited with code 0. Restarting in 5 seconds...
[TUNNEL] Starting localtunnel with 127.0.0.1 local-host...
[TUNNEL STDOUT]: your url is: https://shaggy-panther-50.loca.lt
[TUNNEL] Localtunnel exited with code 0. Restarting in 5 seconds...
[TUNNEL] Starting localtunnel with 127.0.0.1 local-host...
[TUNNEL STDOUT]: your url is: https://shaggy-panther-50.loca.lt
[TUNNEL] Localtunnel exited with code 0. Restarting in 5 seconds...
[TUNNEL] Starting localtunnel with 127.0.0.1 local-host...
[TUNNEL STDOUT]: your url is: https://bright-shrimp-17.loca.lt
[TUNNEL] Localtunnel exited with code 0. Restarting in 5 seconds...
[TUNNEL] Starting localtunnel with 127.0.0.1 local-host...
[TUNNEL STDOUT]: your url is: https://shaggy-panther-50.loca.lt
[TUNNEL] Localtunnel exited with code 0. Restarting in 5 seconds...
[TUNNEL] Starting localtunnel with 127.0.0.1 local-host...
[TUNNEL STDOUT]: your url is: https://itchy-otter-73.loca.lt
[TUNNEL] Localtunnel exited with code 0. Restarting in 5 seconds...
[TUNNEL] Starting localtunnel with 127.0.0.1 local-host...
[TUNNEL STDOUT]: your url is: https://shaggy-panther-50.loca.lt
[TUNNEL] Localtunnel exited with code 0. Restarting in 5 seconds...
[TUNNEL] Starting localtunnel with 127.0.0.1 local-host...
[TUNNEL STDOUT]: your url is: https://weak-insect-76.loca.lt
[TUNNEL] Localtunnel exited with code 0. Restarting in 5 seconds...
[TUNNEL] Starting localtunnel with 127.0.0.1 local-host...
[TUNNEL STDOUT]: your url is: https://shaggy-panther-50.loca.lt
[TUNNEL STDERR]: /opt/homebrew/lib/node_modules/localtunnel/bin/lt.js:81
    throw err;
    ^

Error: connection refused: localtunnel.me:29083 (check your firewall settings)
    at Socket.<anonymous> (/opt/homebrew/lib/node_modules/localtunnel/lib/TunnelCluster.js:52:11)
    at Socket.emit (node:events:508:20)
    at emitErrorNT (node:internal/streams/destroy:170:8)
    at emitErrorCloseNT (node:internal/streams/destroy:129:3)
    at process.processTicksAndRejections (node:internal/process/task_queues:90:21)

Node.js v25.8.2

[TUNNEL] Localtunnel exited with code 1. Restarting in 5 seconds...
[TUNNEL] Starting localtunnel with 127.0.0.1 local-host...
[TUNNEL STDOUT]: your url is: https://shaggy-panther-50.loca.lt
[TUNNEL] Localtunnel exited with code 0. Restarting in 5 seconds...
[TUNNEL] Starting localtunnel with 127.0.0.1 local-host...
[TUNNEL STDOUT]: your url is: https://shaggy-panther-50.loca.lt
[TUNNEL] Localtunnel exited with code 0. Restarting in 5 seconds...
[TUNNEL] Starting localtunnel with 127.0.0.1 local-host...
[TUNNEL STDOUT]: your url is: https://shaggy-panther-50.loca.lt
[TUNNEL STDERR]: /opt/homebrew/lib/node_modules/localtunnel/bin/lt.js:81
    throw err;
    ^

Error: connection refused: localtunnel.me:5099 (check your firewall settings)
    at Socket.<anonymous> (/opt/homebrew/lib/node_modules/localtunnel/lib/TunnelCluster.js:52:11)
    at Socket.emit (node:events:508:20)
    at emitErrorNT (node:internal/streams/destroy:170:8)
    at emitErrorCloseNT (node:internal/streams/destroy:129:3)
    at process.processTicksAndRejections (node:internal/process/task_queues:90:21)

Node.js v25.8.2

[TUNNEL] Localtunnel exited with code 1. Restarting in 5 seconds...
[TUNNEL] Starting localtunnel with 127.0.0.1 local-host...
[TUNNEL STDOUT]: your url is: https://shaggy-panther-50.loca.lt
[TUNNEL] Localtunnel exited with code 0. Restarting in 5 seconds...
[TUNNEL] Starting localtunnel with 127.0.0.1 local-host...
[TUNNEL STDOUT]: your url is: https://shaggy-panther-50.loca.lt
[TUNNEL STDERR]: /opt/homebrew/lib/node_modules/localtunnel/bin/lt.js:81
    throw err;
    ^

Error: connection refused: localtunnel.me:22231 (check your firewall settings)
    at Socket.<anonymous> (/opt/homebrew/lib/node_modules/localtunnel/lib/TunnelCluster.js:52:11)
    at Socket.emit (node:events:508:20)
    at emitErrorNT (node:internal/streams/destroy:170:8)
    at emitErrorCloseNT (node:internal/streams/destroy:129:3)
    at process.processTicksAndRejections (node:internal/process/task_queues:90:21)

Node.js v25.8.2

[TUNNEL] Localtunnel exited with code 1. Restarting in 5 seconds...
[TUNNEL] Starting localtunnel with 127.0.0.1 local-host...
[TUNNEL STDOUT]: your url is: https://shaggy-panther-50.loca.lt
[TUNNEL] Localtunnel exited with code 0. Restarting in 5 seconds...
[TUNNEL] Starting localtunnel with 127.0.0.1 local-host...
[TUNNEL STDOUT]: your url is: https://shaggy-panther-50.loca.lt
[TUNNEL] Localtunnel exited with code 0. Restarting in 5 seconds...
[TUNNEL] Starting localtunnel with 127.0.0.1 local-host...
[TUNNEL STDOUT]: your url is: https://shaggy-panther-50.loca.lt
[TUNNEL] Localtunnel exited with code 0. Restarting in 5 seconds...
[TUNNEL] Starting localtunnel with 127.0.0.1 local-host...
[TUNNEL STDOUT]: your url is: https://shaggy-panther-50.loca.lt
[TUNNEL STDERR]: /opt/homebrew/lib/node_modules/localtunnel/bin/lt.js:81
    throw err;
    ^

Error: connection refused: localtunnel.me:24037 (check your firewall settings)
    at Socket.<anonymous> (/opt/homebrew/lib/node_modules/localtunnel/lib/TunnelCluster.js:52:11)
    at Socket.emit (node:events:508:20)
    at emitErrorNT (node:internal/streams/destroy:170:8)
    at emitErrorCloseNT (node:internal/streams/destroy:129:3)
    at process.processTicksAndRejections (node:internal/process/task_queues:90:21)

Node.js v25.8.2

[TUNNEL] Localtunnel exited with code 1. Restarting in 5 seconds...
[TUNNEL] Starting localtunnel with 127.0.0.1 local-host...
[TUNNEL STDOUT]: your url is: https://shaggy-panther-50.loca.lt
[TUNNEL STDERR]: /opt/homebrew/lib/node_modules/localtunnel/bin/lt.js:81
    throw err;
    ^

Error: connection refused: localtunnel.me:9269 (check your firewall settings)
    at Socket.<anonymous> (/opt/homebrew/lib/node_modules/localtunnel/lib/TunnelCluster.js:52:11)
    at Socket.emit (node:events:508:20)
    at emitErrorNT (node:internal/streams/destroy:170:8)
    at emitErrorCloseNT (node:internal/streams/destroy:129:3)
    at process.processTicksAndRejections (node:internal/process/task_queues:90:21)

Node.js v25.8.2

[TUNNEL] Localtunnel exited with code 1. Restarting in 5 seconds...
[TUNNEL] Starting localtunnel with 127.0.0.1 local-host...
[TUNNEL STDOUT]: your url is: https://shaggy-panther-50.loca.lt
[TUNNEL STDERR]: /opt/homebrew/lib/node_modules/localtunnel/bin/lt.js:81
    throw err;
    ^

Error: connection refused: localtunnel.me:33503 (check your firewall settings)
    at Socket.<anonymous> (/opt/homebrew/lib/node_modules/localtunnel/lib/TunnelCluster.js:52:11)
    at Socket.emit (node:events:508:20)
    at emitErrorNT (node:internal/streams/destroy:170:8)
    at emitErrorCloseNT (node:internal/streams/destroy:129:3)
    at process.processTicksAndRejections (node:internal/process/task_queues:90:21)

Node.js v25.8.2

[TUNNEL] Localtunnel exited with code 1. Restarting in 5 seconds...
[TUNNEL] Starting localtunnel with 127.0.0.1 local-host...
[TUNNEL STDOUT]: your url is: https://shaggy-panther-50.loca.lt
[TUNNEL] Localtunnel exited with code 0. Restarting in 5 seconds...
[TUNNEL] Starting localtunnel with 127.0.0.1 local-host...
[TUNNEL STDOUT]: your url is: https://shaggy-panther-50.loca.lt
[TUNNEL STDERR]: /opt/homebrew/lib/node_modules/localtunnel/bin/lt.js:81
    throw err;
    ^

Error: connection refused: localtunnel.me:18999 (check your firewall settings)
    at Socket.<anonymous> (/opt/homebrew/lib/node_modules/localtunnel/lib/TunnelCluster.js:52:11)
    at Socket.emit (node:events:508:20)
    at emitErrorNT (node:internal/streams/destroy:170:8)
    at emitErrorCloseNT (node:internal/streams/destroy:129:3)
    at process.processTicksAndRejections (node:internal/process/task_queues:90:21)

Node.js v25.8.2

[TUNNEL] Localtunnel exited with code 1. Restarting in 5 seconds...
[TUNNEL] Starting localtunnel with 127.0.0.1 local-host...
[TUNNEL STDOUT]: your url is: https://shaggy-panther-50.loca.lt
[TUNNEL] Localtunnel exited with code 0. Restarting in 5 seconds...
[TUNNEL] Starting localtunnel with 127.0.0.1 local-host...
[TUNNEL STDOUT]: your url is: https://shaggy-panther-50.loca.lt
[TUNNEL STDERR]: /opt/homebrew/lib/node_modules/localtunnel/bin/lt.js:81
    throw err;
    ^

Error: connection refused: localtunnel.me:8241 (check your firewall settings)
    at Socket.<anonymous> (/opt/homebrew/lib/node_modules/localtunnel/lib/TunnelCluster.js:52:11)
    at Socket.emit (node:events:508:20)
    at emitErrorNT (node:internal/streams/destroy:170:8)
    at emitErrorCloseNT (node:internal/streams/destroy:129:3)
    at process.processTicksAndRejections (node:internal/process/task_queues:90:21)

Node.js v25.8.2

[TUNNEL] Localtunnel exited with code 1. Restarting in 5 seconds...
[TUNNEL] Starting localtunnel with 127.0.0.1 local-host...
[TUNNEL STDOUT]: your url is: https://shaggy-panther-50.loca.lt
[TUNNEL STDERR]: /opt/homebrew/lib/node_modules/localtunnel/bin/lt.js:81
    throw err;
    ^

Error: connection refused: localtunnel.me:30943 (check your firewall settings)
    at Socket.<anonymous> (/opt/homebrew/lib/node_modules/localtunnel/lib/TunnelCluster.js:52:11)
    at Socket.emit (node:events:508:20)
    at emitErrorNT (node:internal/streams/destroy:170:8)
    at emitErrorCloseNT (node:internal/streams/destroy:129:3)
    at process.processTicksAndRejections (node:internal/process/task_queues:90:21)

Node.js v25.8.2

[TUNNEL] Localtunnel exited with code 1. Restarting in 5 seconds...
[TUNNEL] Starting localtunnel with 127.0.0.1 local-host...
[TUNNEL STDOUT]: your url is: https://shaggy-panther-50.loca.lt
[TUNNEL STDERR]: /opt/homebrew/lib/node_modules/localtunnel/bin/lt.js:81
    throw err;
    ^

Error: connection refused: localtunnel.me:33889 (check your firewall settings)
    at Socket.<anonymous> (/opt/homebrew/lib/node_modules/localtunnel/lib/TunnelCluster.js:52:11)
    at Socket.emit (node:events:508:20)
    at emitErrorNT (node:internal/streams/destroy:170:8)
    at emitErrorCloseNT (node:internal/streams/destroy:129:3)
    at process.processTicksAndRejections (node:internal/process/task_queues:90:21)

Node.js v25.8.2

[TUNNEL] Localtunnel exited with code 1. Restarting in 5 seconds...
[TUNNEL] Starting localtunnel with 127.0.0.1 local-host...
[TUNNEL STDOUT]: your url is: https://shaggy-panther-50.loca.lt
[TUNNEL STDERR]: /opt/homebrew/lib/node_modules/localtunnel/bin/lt.js:81
    throw err;
    ^

Error: connection refused: localtunnel.me:6703 (check your firewall settings)
    at Socket.<anonymous> (/opt/homebrew/lib/node_modules/localtunnel/lib/TunnelCluster.js:52:11)
    at Socket.emit (node:events:508:20)
    at emitErrorNT (node:internal/streams/destroy:170:8)
    at emitErrorCloseNT (node:internal/streams/destroy:129:3)
    at process.processTicksAndRejections (node:internal/process/task_queues:90:21)

Node.js v25.8.2

[TUNNEL] Localtunnel exited with code 1. Restarting in 5 seconds...
[TUNNEL] Starting localtunnel with 127.0.0.1 local-host...
[TUNNEL STDOUT]: your url is: https://shaggy-panther-50.loca.lt
[TUNNEL STDERR]: /opt/homebrew/lib/node_modules/localtunnel/bin/lt.js:81
    throw err;
    ^

Error: connection refused: localtunnel.me:20133 (check your firewall settings)
    at Socket.<anonymous> (/opt/homebrew/lib/node_modules/localtunnel/lib/TunnelCluster.js:52:11)
    at Socket.emit (node:events:508:20)
    at emitErrorNT (node:internal/streams/destroy:170:8)
    at emitErrorCloseNT (node:internal/streams/destroy:129:3)
    at process.processTicksAndRejections (node:internal/process/task_queues:90:21)

Node.js v25.8.2

[TUNNEL] Localtunnel exited with code 1. Restarting in 5 seconds...
[TUNNEL] Starting localtunnel with 127.0.0.1 local-host...
[TUNNEL STDOUT]: your url is: https://shaggy-panther-50.loca.lt
[TUNNEL STDERR]: /opt/homebrew/lib/node_modules/localtunnel/bin/lt.js:81
    throw err;
    ^

Error: connection refused: localtunnel.me:7041 (check your firewall settings)
    at Socket.<anonymous> (/opt/homebrew/lib/node_modules/localtunnel/lib/TunnelCluster.js:52:11)
    at Socket.emit (node:events:508:20)
    at emitErrorNT (node:internal/streams/destroy:170:8)
    at emitErrorCloseNT (node:internal/streams/destroy:129:3)
    at process.processTicksAndRejections (node:internal/process/task_queues:90:21)

Node.js v25.8.2

[TUNNEL] Localtunnel exited with code 1. Restarting in 5 seconds...
[TUNNEL] Starting localtunnel with 127.0.0.1 local-host...
[TUNNEL STDOUT]: your url is: https://shaggy-panther-50.loca.lt
[TUNNEL STDERR]: /opt/homebrew/lib/node_modules/localtunnel/bin/lt.js:81
    throw err;
    ^

Error: connection refused: localtunnel.me:16981 (check your firewall settings)
    at Socket.<anonymous> (/opt/homebrew/lib/node_modules/localtunnel/lib/TunnelCluster.js:52:11)
    at Socket.emit (node:events:508:20)
    at emitErrorNT (node:internal/streams/destroy:170:8)
    at emitErrorCloseNT (node:internal/streams/destroy:129:3)
    at process.processTicksAndRejections (node:internal/process/task_queues:90:21)

Node.js v25.8.2

[TUNNEL] Localtunnel exited with code 1. Restarting in 5 seconds...
[TUNNEL] Starting localtunnel with 127.0.0.1 local-host...
[TUNNEL STDOUT]: your url is: https://shaggy-panther-50.loca.lt
[TUNNEL STDERR]: /opt/homebrew/lib/node_modules/localtunnel/bin/lt.js:81
    throw err;
    ^

Error: connection refused: localtunnel.me:8269 (check your firewall settings)
    at Socket.<anonymous> (/opt/homebrew/lib/node_modules/localtunnel/lib/TunnelCluster.js:52:11)
    at Socket.emit (node:events:508:20)
    at emitErrorNT (node:internal/streams/destroy:170:8)
    at emitErrorCloseNT (node:internal/streams/destroy:129:3)
    at process.processTicksAndRejections (node:internal/process/task_queues:90:21)

Node.js v25.8.2

[TUNNEL] Localtunnel exited with code 1. Restarting in 5 seconds...
[TUNNEL] Starting localtunnel with 127.0.0.1 local-host...
[TUNNEL STDOUT]: your url is: https://shaggy-panther-50.loca.lt
[TUNNEL STDERR]: /opt/homebrew/lib/node_modules/localtunnel/bin/lt.js:81
    throw err;
    ^

Error: connection refused: localtunnel.me:25345 (check your firewall settings)
    at Socket.<anonymous> (/opt/homebrew/lib/node_modules/localtunnel/lib/TunnelCluster.js:52:11)
    at Socket.emit (node:events:508:20)
    at emitErrorNT (node:internal/streams/destroy:170:8)
    at emitErrorCloseNT (node:internal/streams/destroy:129:3)
    at process.processTicksAndRejections (node:internal/process/task_queues:90:21)

Node.js v25.8.2

[TUNNEL] Localtunnel exited with code 1. Restarting in 5 seconds...
[TUNNEL] Starting localtunnel with 127.0.0.1 local-host...
[TUNNEL STDOUT]: your url is: https://shaggy-panther-50.loca.lt
[TUNNEL STDERR]: /opt/homebrew/lib/node_modules/localtunnel/bin/lt.js:81
    throw err;
    ^

Error: connection refused: localtunnel.me:5463 (check your firewall settings)
    at Socket.<anonymous> (/opt/homebrew/lib/node_modules/localtunnel/lib/TunnelCluster.js:52:11)
    at Socket.emit (node:events:508:20)
    at emitErrorNT (node:internal/streams/destroy:170:8)
    at emitErrorCloseNT (node:internal/streams/destroy:129:3)
    at process.processTicksAndRejections (node:internal/process/task_queues:90:21)

Node.js v25.8.2

[TUNNEL] Localtunnel exited with code 1. Restarting in 5 seconds...
[TUNNEL] Starting localtunnel with 127.0.0.1 local-host...
[TUNNEL STDOUT]: your url is: https://shaggy-panther-50.loca.lt
[TUNNEL STDERR]: /opt/homebrew/lib/node_modules/localtunnel/bin/lt.js:81
    throw err;
    ^

Error: connection refused: localtunnel.me:29093 (check your firewall settings)
    at Socket.<anonymous> (/opt/homebrew/lib/node_modules/localtunnel/lib/TunnelCluster.js:52:11)
    at Socket.emit (node:events:508:20)
    at emitErrorNT (node:internal/streams/destroy:170:8)
    at emitErrorCloseNT (node:internal/streams/destroy:129:3)
    at process.processTicksAndRejections (node:internal/process/task_queues:90:21)

Node.js v25.8.2

[TUNNEL] Localtunnel exited with code 1. Restarting in 5 seconds...
[TUNNEL] Starting localtunnel with 127.0.0.1 local-host...
[TUNNEL STDOUT]: your url is: https://shaggy-panther-50.loca.lt
[TUNNEL] Localtunnel exited with code 0. Restarting in 5 seconds...
[TUNNEL] Starting localtunnel with 127.0.0.1 local-host...
[TUNNEL STDOUT]: your url is: https://shaggy-panther-50.loca.lt
[TUNNEL STDERR]: /opt/homebrew/lib/node_modules/localtunnel/bin/lt.js:81
    throw err;
    ^

Error: connection refused: localtunnel.me:26887 (check your firewall settings)
    at Socket.<anonymous> (/opt/homebrew/lib/node_modules/localtunnel/lib/TunnelCluster.js:52:11)
    at Socket.emit (node:events:508:20)
    at emitErrorNT (node:internal/streams/destroy:170:8)
    at emitErrorCloseNT (node:internal/streams/destroy:129:3)
    at process.processTicksAndRejections (node:internal/process/task_queues:90:21)

Node.js v25.8.2

[TUNNEL] Localtunnel exited with code 1. Restarting in 5 seconds...
[TUNNEL] Starting localtunnel with 127.0.0.1 local-host...
[TUNNEL STDOUT]: your url is: https://shaggy-panther-50.loca.lt
[TUNNEL STDERR]: /opt/homebrew/lib/node_modules/localtunnel/bin/lt.js:81
    throw err;
    ^

Error: connection refused: localtunnel.me:14475 (check your firewall settings)
    at Socket.<anonymous> (/opt/homebrew/lib/node_modules/localtunnel/lib/TunnelCluster.js:52:11)
    at Socket.emit (node:events:508:20)
    at emitErrorNT (node:internal/streams/destroy:170:8)
    at emitErrorCloseNT (node:internal/streams/destroy:129:3)
    at process.processTicksAndRejections (node:internal/process/task_queues:90:21)

Node.js v25.8.2

[TUNNEL] Localtunnel exited with code 1. Restarting in 5 seconds...
[TUNNEL] Starting localtunnel with 127.0.0.1 local-host...
[TUNNEL STDOUT]: your url is: https://shaggy-panther-50.loca.lt
[TUNNEL STDERR]: /opt/homebrew/lib/node_modules/localtunnel/bin/lt.js:81
    throw err;
    ^

Error: connection refused: localtunnel.me:30635 (check your firewall settings)
    at Socket.<anonymous> (/opt/homebrew/lib/node_modules/localtunnel/lib/TunnelCluster.js:52:11)
    at Socket.emit (node:events:508:20)
    at emitErrorNT (node:internal/streams/destroy:170:8)
    at emitErrorCloseNT (node:internal/streams/destroy:129:3)
    at process.processTicksAndRejections (node:internal/process/task_queues:90:21)

Node.js v25.8.2

[TUNNEL] Localtunnel exited with code 1. Restarting in 5 seconds...
[TUNNEL] Starting localtunnel with 127.0.0.1 local-host...
[TUNNEL STDOUT]: your url is: https://shaggy-panther-50.loca.lt
[TUNNEL STDERR]: /opt/homebrew/lib/node_modules/localtunnel/bin/lt.js:81
    throw err;
    ^

Error: connection refused: localtunnel.me:22539 (check your firewall settings)
    at Socket.<anonymous> (/opt/homebrew/lib/node_modules/localtunnel/lib/TunnelCluster.js:52:11)
    at Socket.emit (node:events:508:20)
    at emitErrorNT (node:internal/streams/destroy:170:8)
    at emitErrorCloseNT (node:internal/streams/destroy:129:3)
    at process.processTicksAndRejections (node:internal/process/task_queues:90:21)

Node.js v25.8.2

[TUNNEL] Localtunnel exited with code 1. Restarting in 5 seconds...
[TUNNEL] Starting localtunnel with 127.0.0.1 local-host...
[TUNNEL STDOUT]: your url is: https://shaggy-panther-50.loca.lt
[TUNNEL STDERR]: /opt/homebrew/lib/node_modules/localtunnel/bin/lt.js:81
    throw err;
    ^

Error: connection refused: localtunnel.me:17323 (check your firewall settings)
    at Socket.<anonymous> (/opt/homebrew/lib/node_modules/localtunnel/lib/TunnelCluster.js:52:11)
    at Socket.emit (node:events:508:20)
    at emitErrorNT (node:internal/streams/destroy:170:8)
    at emitErrorCloseNT (node:internal/streams/destroy:129:3)
    at process.processTicksAndRejections (node:internal/process/task_queues:90:21)

Node.js v25.8.2

[TUNNEL] Localtunnel exited with code 1. Restarting in 5 seconds...
[TUNNEL] Starting localtunnel with 127.0.0.1 local-host...
[TUNNEL STDOUT]: your url is: https://shaggy-panther-50.loca.lt
[TUNNEL STDERR]: /opt/homebrew/lib/node_modules/localtunnel/bin/lt.js:81
    throw err;
    ^

Error: connection refused: localtunnel.me:35247 (check your firewall settings)
    at Socket.<anonymous> (/opt/homebrew/lib/node_modules/localtunnel/lib/TunnelCluster.js:52:11)
    at Socket.emit (node:events:508:20)
    at emitErrorNT (node:internal/streams/destroy:170:8)
    at emitErrorCloseNT (node:internal/streams/destroy:129:3)
    at process.processTicksAndRejections (node:internal/process/task_queues:90:21)

Node.js v25.8.2

[TUNNEL] Localtunnel exited with code 1. Restarting in 5 seconds...
[TUNNEL] Starting localtunnel with 127.0.0.1 local-host...
[TUNNEL STDOUT]: your url is: https://shaggy-panther-50.loca.lt
[TUNNEL STDERR]: /opt/homebrew/lib/node_modules/localtunnel/bin/lt.js:81
    throw err;
    ^

Error: connection refused: localtunnel.me:11361 (check your firewall settings)
    at Socket.<anonymous> (/opt/homebrew/lib/node_modules/localtunnel/lib/TunnelCluster.js:52:11)
    at Socket.emit (node:events:508:20)
    at emitErrorNT (node:internal/streams/destroy:170:8)
    at emitErrorCloseNT (node:internal/streams/destroy:129:3)
    at process.processTicksAndRejections (node:internal/process/task_queues:90:21)

Node.js v25.8.2

[TUNNEL] Localtunnel exited with code 1. Restarting in 5 seconds...
[TUNNEL] Starting localtunnel with 127.0.0.1 local-host...
[TUNNEL STDOUT]: your url is: https://shaggy-panther-50.loca.lt
[TUNNEL] Localtunnel exited with code 0. Restarting in 5 seconds...
[TUNNEL] Starting localtunnel with 127.0.0.1 local-host...
[TUNNEL STDOUT]: your url is: https://shaggy-panther-50.loca.lt
[TUNNEL STDERR]: /opt/homebrew/lib/node_modules/localtunnel/bin/lt.js:81
    throw err;
    ^

Error: connection refused: localtunnel.me:15995 (check your firewall settings)
    at Socket.<anonymous> (/opt/homebrew/lib/node_modules/localtunnel/lib/TunnelCluster.js:52:11)
    at Socket.emit (node:events:508:20)
    at emitErrorNT (node:internal/streams/destroy:170:8)
    at emitErrorCloseNT (node:internal/streams/destroy:129:3)
    at process.processTicksAndRejections (node:internal/process/task_queues:90:21)

Node.js v25.8.2

[TUNNEL] Localtunnel exited with code 1. Restarting in 5 seconds...
[TUNNEL] Starting localtunnel with 127.0.0.1 local-host...
[TUNNEL STDOUT]: your url is: https://shaggy-panther-50.loca.lt
[TUNNEL] Localtunnel exited with code 0. Restarting in 5 seconds...
[TUNNEL] Starting localtunnel with 127.0.0.1 local-host...
[TUNNEL STDOUT]: your url is: https://shaggy-panther-50.loca.lt
[TUNNEL STDERR]: /opt/homebrew/lib/node_modules/localtunnel/bin/lt.js:81
    throw err;
    ^

Error: connection refused: localtunnel.me:25817 (check your firewall settings)
    at Socket.<anonymous> (/opt/homebrew/lib/node_modules/localtunnel/lib/TunnelCluster.js:52:11)
    at Socket.emit (node:events:508:20)
    at emitErrorNT (node:internal/streams/destroy:170:8)
    at emitErrorCloseNT (node:internal/streams/destroy:129:3)
    at process.processTicksAndRejections (node:internal/process/task_queues:90:21)

Node.js v25.8.2

[TUNNEL] Localtunnel exited with code 1. Restarting in 5 seconds...
[TUNNEL] Starting localtunnel with 127.0.0.1 local-host...
[TUNNEL STDOUT]: your url is: https://shaggy-panther-50.loca.lt
[TUNNEL STDERR]: /opt/homebrew/lib/node_modules/localtunnel/bin/lt.js:81
    throw err;
    ^

Error: connection refused: localtunnel.me:31889 (check your firewall settings)
    at Socket.<anonymous> (/opt/homebrew/lib/node_modules/localtunnel/lib/TunnelCluster.js:52:11)
    at Socket.emit (node:events:508:20)
    at emitErrorNT (node:internal/streams/destroy:170:8)
    at emitErrorCloseNT (node:internal/streams/destroy:129:3)
    at process.processTicksAndRejections (node:internal/process/task_queues:90:21)

Node.js v25.8.2

[TUNNEL] Localtunnel exited with code 1. Restarting in 5 seconds...
[TUNNEL] Starting localtunnel with 127.0.0.1 local-host...
[TUNNEL STDOUT]: your url is: https://shaggy-panther-50.loca.lt
[TUNNEL] Localtunnel exited with code 0. Restarting in 5 seconds...
[TUNNEL] Starting localtunnel with 127.0.0.1 local-host...
[TUNNEL STDOUT]: your url is: https://empty-parrot-10.loca.lt
[TUNNEL STDERR]: /opt/homebrew/lib/node_modules/localtunnel/bin/lt.js:81
    throw err;
    ^

Error: connection refused: localtunnel.me:31707 (check your firewall settings)
    at Socket.<anonymous> (/opt/homebrew/lib/node_modules/localtunnel/lib/TunnelCluster.js:52:11)
    at Socket.emit (node:events:508:20)
    at emitErrorNT (node:internal/streams/destroy:170:8)
    at emitErrorCloseNT (node:internal/streams/destroy:129:3)
    at process.processTicksAndRejections (node:internal/process/task_queues:90:21)

Node.js v25.8.2

[TUNNEL] Localtunnel exited with code 1. Restarting in 5 seconds...
[TUNNEL] Starting localtunnel with 127.0.0.1 local-host...
[TUNNEL STDOUT]: your url is: https://shaggy-panther-50.loca.lt
[TUNNEL] Localtunnel exited with code 0. Restarting in 5 seconds...
[TUNNEL] Starting localtunnel with 127.0.0.1 local-host...
[TUNNEL STDOUT]: your url is: https://shaggy-panther-50.loca.lt
[TUNNEL] Localtunnel exited with code 0. Restarting in 5 seconds...
[TUNNEL] Starting localtunnel with 127.0.0.1 local-host...
[TUNNEL STDOUT]: your url is: https://tall-treefrog-96.loca.lt
[TUNNEL] Localtunnel exited with code 0. Restarting in 5 seconds...
[TUNNEL] Starting localtunnel with 127.0.0.1 local-host...
[TUNNEL STDOUT]: your url is: https://shaggy-panther-50.loca.lt
[TUNNEL] Localtunnel exited with code 0. Restarting in 5 seconds...
[TUNNEL] Starting localtunnel with 127.0.0.1 local-host...
[TUNNEL STDOUT]: your url is: https://smooth-stingray-42.loca.lt
[TUNNEL] Localtunnel exited with code 0. Restarting in 5 seconds...
[TUNNEL] Starting localtunnel with 127.0.0.1 local-host...
[TUNNEL STDOUT]: your url is: https://shaggy-panther-50.loca.lt
[TUNNEL] Localtunnel exited with code 0. Restarting in 5 seconds...
[TUNNEL] Starting localtunnel with 127.0.0.1 local-host...
[TUNNEL STDOUT]: your url is: https://shaggy-panther-50.loca.lt
[TUNNEL] Localtunnel exited with code 0. Restarting in 5 seconds...
[TUNNEL] Starting localtunnel with 127.0.0.1 local-host...
[TUNNEL STDOUT]: your url is: https://cold-vampirebat-58.loca.lt
[TUNNEL] Localtunnel exited with code 0. Restarting in 5 seconds...
[TUNNEL] Starting localtunnel with 127.0.0.1 local-host...
[TUNNEL STDOUT]: your url is: https://shaggy-panther-50.loca.lt
[TUNNEL STDERR]: /opt/homebrew/lib/node_modules/localtunnel/bin/lt.js:81
    throw err;
    ^

Error: connection refused: localtunnel.me:7709 (check your firewall settings)
    at Socket.<anonymous> (/opt/homebrew/lib/node_modules/localtunnel/lib/TunnelCluster.js:52:11)
    at Socket.emit (node:events:508:20)
    at emitErrorNT (node:internal/streams/destroy:170:8)
    at emitErrorCloseNT (node:internal/streams/destroy:129:3)
    at process.processTicksAndRejections (node:internal/process/task_queues:90:21)

[TUNNEL STDERR]: 
Node.js v25.8.2

[TUNNEL] Localtunnel exited with code 1. Restarting in 5 seconds...
[TUNNEL] Starting localtunnel with 127.0.0.1 local-host...
[TUNNEL STDOUT]: your url is: https://shaggy-panther-50.loca.lt
[TUNNEL] Localtunnel exited with code 0. Restarting in 5 seconds...
[TUNNEL] Starting localtunnel with 127.0.0.1 local-host...
[TUNNEL STDOUT]: your url is: https://shaggy-panther-50.loca.lt
[TUNNEL] Localtunnel exited with code 0. Restarting in 5 seconds...
[TUNNEL] Starting localtunnel with 127.0.0.1 local-host...
[TUNNEL STDOUT]: your url is: https://shaggy-panther-50.loca.lt
[TUNNEL] Localtunnel exited with code 0. Restarting in 5 seconds...
[TUNNEL] Starting localtunnel with 127.0.0.1 local-host...
[TUNNEL STDOUT]: your url is: https://quiet-fish-34.loca.lt
[TUNNEL] Localtunnel exited with code 0. Restarting in 5 seconds...
[TUNNEL] Starting localtunnel with 127.0.0.1 local-host...
[TUNNEL STDOUT]: your url is: https://shaggy-panther-50.loca.lt
[TUNNEL] Localtunnel exited with code 0. Restarting in 5 seconds...
[TUNNEL] Starting localtunnel with 127.0.0.1 local-host...
[TUNNEL STDOUT]: your url is: https://bright-snail-12.loca.lt
[TUNNEL STDERR]: /opt/homebrew/lib/node_modules/localtunnel/bin/lt.js:81
    throw err;
    ^

Error: connection refused: localtunnel.me:5851 (check your firewall settings)
    at Socket.<anonymous> (/opt/homebrew/lib/node_modules/localtunnel/lib/TunnelCluster.js:52:11)
    at Socket.emit (node:events:508:20)
    at emitErrorNT (node:internal/streams/destroy:170:8)
    at emitErrorCloseNT (node:internal/streams/destroy:129:3)
    at process.processTicksAndRejections (node:internal/process/task_queues:90:21)

Node.js v25.8.2

[TUNNEL] Localtunnel exited with code 1. Restarting in 5 seconds...
[TUNNEL] Starting localtunnel with 127.0.0.1 local-host...
[TUNNEL STDOUT]: your url is: https://shaggy-panther-50.loca.lt
[TUNNEL] Localtunnel exited with code 0. Restarting in 5 seconds...
[TUNNEL] Starting localtunnel with 127.0.0.1 local-host...
[TUNNEL STDOUT]: your url is: https://shaggy-panther-50.loca.lt
[TUNNEL] Localtunnel exited with code 0. Restarting in 5 seconds...
[TUNNEL] Starting localtunnel with 127.0.0.1 local-host...
[TUNNEL STDOUT]: your url is: https://soft-robin-76.loca.lt
[TUNNEL] Localtunnel exited with code 0. Restarting in 5 seconds...
[TUNNEL] Starting localtunnel with 127.0.0.1 local-host...
[TUNNEL STDOUT]: your url is: https://shaggy-panther-50.loca.lt
[TUNNEL] Localtunnel exited with code 0. Restarting in 5 seconds...
[TUNNEL] Starting localtunnel with 127.0.0.1 local-host...
[TUNNEL STDOUT]: your url is: https://red-deer-18.loca.lt
[TUNNEL] Localtunnel exited with code 0. Restarting in 5 seconds...
[TUNNEL] Starting localtunnel with 127.0.0.1 local-host...
[TUNNEL STDOUT]: your url is: https://chatty-mole-57.loca.lt
[TUNNEL] Localtunnel exited with code 0. Restarting in 5 seconds...
[TUNNEL] Starting localtunnel with 127.0.0.1 local-host...
[TUNNEL STDOUT]: your url is: https://shaggy-panther-50.loca.lt
[TUNNEL] Localtunnel exited with code 0. Restarting in 5 seconds...
[TUNNEL] Starting localtunnel with 127.0.0.1 local-host...
